
[2014-06-20 19:37:43] Beginning TopHat run (v2.0.10)
-----------------------------------------------
[2014-06-20 19:37:43] Checking for Bowtie
		  Bowtie version:	 2.1.0.0
[2014-06-20 19:37:43] Checking for Samtools
		Samtools version:	 0.1.19.0
[2014-06-20 19:37:43] Checking for Bowtie index files (genome)..
[2014-06-20 19:37:43] Checking for reference FASTA file
[2014-06-20 19:37:43] Generating SAM header for /sb/project/afb-431/genomes//Mus_musculus/Ensembl/GRCm38/Sequence/Bowtie2Index/genome
[2014-06-20 19:37:50] Reading known junctions from GTF file
[2014-06-20 19:38:04] Preparing reads
	 left reads: min. length=30, max. length=50, 87723195 kept reads (3754 discarded)
	right reads: min. length=30, max. length=50, 87697585 kept reads (29364 discarded)
[2014-06-20 20:14:01] Building transcriptome data files /sb/project/afb-431/BIF/VEI/VEI-BIF-P5/results/tophat/wt/tmp/Mus_musculus.GRCm38.75
[2014-06-20 20:14:51] Building Bowtie index from Mus_musculus.GRCm38.75.fa
[2014-06-20 20:29:15] Mapping left_kept_reads to transcriptome Mus_musculus.GRCm38.75 with Bowtie2 
[2014-06-20 21:52:59] Mapping right_kept_reads to transcriptome Mus_musculus.GRCm38.75 with Bowtie2 
[2014-06-20 23:32:58] Resuming TopHat pipeline with unmapped reads
[2014-06-20 23:32:59] Mapping left_kept_reads.m2g_um to genome genome with Bowtie2 
[2014-06-20 23:46:22] Mapping left_kept_reads.m2g_um_seg1 to genome genome with Bowtie2 (1/2)
[2014-06-20 23:48:32] Mapping left_kept_reads.m2g_um_seg2 to genome genome with Bowtie2 (2/2)
[2014-06-20 23:51:08] Mapping right_kept_reads.m2g_um to genome genome with Bowtie2 
[2014-06-21 00:03:53] Mapping right_kept_reads.m2g_um_seg1 to genome genome with Bowtie2 (1/2)
[2014-06-21 00:06:24] Mapping right_kept_reads.m2g_um_seg2 to genome genome with Bowtie2 (2/2)
[2014-06-21 00:08:51] Retrieving sequences for splices
[2014-06-21 00:11:07] Indexing splices
[2014-06-21 00:12:16] Mapping left_kept_reads.m2g_um_seg1 to genome segment_juncs with Bowtie2 (1/2)
[2014-06-21 00:13:17] Mapping left_kept_reads.m2g_um_seg2 to genome segment_juncs with Bowtie2 (2/2)
[2014-06-21 00:14:29] Joining segment hits
[2014-06-21 00:16:50] Mapping right_kept_reads.m2g_um_seg1 to genome segment_juncs with Bowtie2 (1/2)
[2014-06-21 00:17:57] Mapping right_kept_reads.m2g_um_seg2 to genome segment_juncs with Bowtie2 (2/2)
[2014-06-21 00:19:04] Joining segment hits
[2014-06-21 00:21:15] Reporting output tracks
-----------------------------------------------
[2014-06-21 03:51:04] A summary of the alignment counts can be found in /sb/project/afb-431/BIF/VEI/VEI-BIF-P5/results/tophat/wt/align_summary.txt
[2014-06-21 03:51:04] Run complete: 08:13:21 elapsed
