Picked up _JAVA_OPTIONS: -Djava.io.tmpdir=/gs/scratch/blancha
[Tue Jun 24 09:41:18 EDT 2014] picard.sam.ReorderSam INPUT=/sb/project/afb-431/BIF/VEI/VEI-BIF-P5/results/tophat/wt/accepted_hits.bam OUTPUT=/sb/project/afb-431/BIF/VEI/VEI-BIF-P5/results/tophat/wt/wt_picard_sorted_accepted_hits.bam REFERENCE=/sb/project/afb-431/genomes/Mus_musculus/Ensembl/GRCm38/Sequence/WholeGenomeFasta/genome.fa    ALLOW_INCOMPLETE_DICT_CONCORDANCE=false ALLOW_CONTIG_LENGTH_DISCORDANCE=false VERBOSITY=INFO QUIET=false VALIDATION_STRINGENCY=STRICT COMPRESSION_LEVEL=5 MAX_RECORDS_IN_RAM=500000 CREATE_INDEX=false CREATE_MD5_FILE=false
[Tue Jun 24 09:41:18 EDT 2014] Executing as blancha@sw-2r09-n28 on Linux 2.6.32-279.22.1.el6.x86_64 amd64; Java HotSpot(TM) 64-Bit Server VM 1.7.0_55-b13; Picard version: 1.114(444810c1de1433d9eca8130be63ccc7fd70a9499_1400593393) JdkDeflater
INFO	2014-06-24 09:41:19	ReorderSam	SAM/BAM file
INFO	2014-06-24 09:41:19	ReorderSam	  SN=%s LN=%d%n1195471971
INFO	2014-06-24 09:41:19	ReorderSam	  SN=%s LN=%d%n10130694993
INFO	2014-06-24 09:41:19	ReorderSam	  SN=%s LN=%d%n11122082543
INFO	2014-06-24 09:41:19	ReorderSam	  SN=%s LN=%d%n12120129022
INFO	2014-06-24 09:41:19	ReorderSam	  SN=%s LN=%d%n13120421639
INFO	2014-06-24 09:41:19	ReorderSam	  SN=%s LN=%d%n14124902244
INFO	2014-06-24 09:41:19	ReorderSam	  SN=%s LN=%d%n15104043685
INFO	2014-06-24 09:41:19	ReorderSam	  SN=%s LN=%d%n1698207768
INFO	2014-06-24 09:41:19	ReorderSam	  SN=%s LN=%d%n1794987271
INFO	2014-06-24 09:41:19	ReorderSam	  SN=%s LN=%d%n1890702639
INFO	2014-06-24 09:41:19	ReorderSam	  SN=%s LN=%d%n1961431566
INFO	2014-06-24 09:41:19	ReorderSam	  SN=%s LN=%d%n2182113224
INFO	2014-06-24 09:41:19	ReorderSam	  SN=%s LN=%d%n3160039680
INFO	2014-06-24 09:41:19	ReorderSam	  SN=%s LN=%d%n4156508116
INFO	2014-06-24 09:41:19	ReorderSam	  SN=%s LN=%d%n5151834684
INFO	2014-06-24 09:41:19	ReorderSam	  SN=%s LN=%d%n6149736546
INFO	2014-06-24 09:41:19	ReorderSam	  SN=%s LN=%d%n7145441459
INFO	2014-06-24 09:41:19	ReorderSam	  SN=%s LN=%d%n8129401213
INFO	2014-06-24 09:41:19	ReorderSam	  SN=%s LN=%d%n9124595110
INFO	2014-06-24 09:41:19	ReorderSam	  SN=%s LN=%d%nMT16299
INFO	2014-06-24 09:41:19	ReorderSam	  SN=%s LN=%d%nX171031299
INFO	2014-06-24 09:41:19	ReorderSam	  SN=%s LN=%d%nY91744698
INFO	2014-06-24 09:41:19	ReorderSam	Reference
INFO	2014-06-24 09:41:19	ReorderSam	  SN=%s LN=%d%n10130694993
INFO	2014-06-24 09:41:19	ReorderSam	  SN=%s LN=%d%n11122082543
INFO	2014-06-24 09:41:19	ReorderSam	  SN=%s LN=%d%n12120129022
INFO	2014-06-24 09:41:19	ReorderSam	  SN=%s LN=%d%n13120421639
INFO	2014-06-24 09:41:19	ReorderSam	  SN=%s LN=%d%n14124902244
INFO	2014-06-24 09:41:19	ReorderSam	  SN=%s LN=%d%n15104043685
INFO	2014-06-24 09:41:19	ReorderSam	  SN=%s LN=%d%n1698207768
INFO	2014-06-24 09:41:19	ReorderSam	  SN=%s LN=%d%n1794987271
INFO	2014-06-24 09:41:19	ReorderSam	  SN=%s LN=%d%n1890702639
INFO	2014-06-24 09:41:19	ReorderSam	  SN=%s LN=%d%n1961431566
INFO	2014-06-24 09:41:19	ReorderSam	  SN=%s LN=%d%n1195471971
INFO	2014-06-24 09:41:19	ReorderSam	  SN=%s LN=%d%n2182113224
INFO	2014-06-24 09:41:19	ReorderSam	  SN=%s LN=%d%n3160039680
INFO	2014-06-24 09:41:19	ReorderSam	  SN=%s LN=%d%n4156508116
INFO	2014-06-24 09:41:19	ReorderSam	  SN=%s LN=%d%n5151834684
INFO	2014-06-24 09:41:19	ReorderSam	  SN=%s LN=%d%n6149736546
INFO	2014-06-24 09:41:19	ReorderSam	  SN=%s LN=%d%n7145441459
INFO	2014-06-24 09:41:19	ReorderSam	  SN=%s LN=%d%n8129401213
INFO	2014-06-24 09:41:19	ReorderSam	  SN=%s LN=%d%n9124595110
INFO	2014-06-24 09:41:19	ReorderSam	  SN=%s LN=%d%nMT16299
INFO	2014-06-24 09:41:19	ReorderSam	  SN=%s LN=%d%nX171031299
INFO	2014-06-24 09:41:19	ReorderSam	  SN=%s LN=%d%nY91744698
INFO	2014-06-24 09:41:19	ReorderSam	Reordering SAM/BAM file:
INFO	2014-06-24 09:41:19	ReorderSam	  Reordering read contig 10 [index=1] to => ref contig 10 [index=0]

INFO	2014-06-24 09:41:19	ReorderSam	  Reordering read contig 11 [index=2] to => ref contig 11 [index=1]

INFO	2014-06-24 09:41:19	ReorderSam	  Reordering read contig 12 [index=3] to => ref contig 12 [index=2]

INFO	2014-06-24 09:41:19	ReorderSam	  Reordering read contig 13 [index=4] to => ref contig 13 [index=3]

INFO	2014-06-24 09:41:19	ReorderSam	  Reordering read contig 14 [index=5] to => ref contig 14 [index=4]

INFO	2014-06-24 09:41:19	ReorderSam	  Reordering read contig 15 [index=6] to => ref contig 15 [index=5]

INFO	2014-06-24 09:41:19	ReorderSam	  Reordering read contig 16 [index=7] to => ref contig 16 [index=6]

INFO	2014-06-24 09:41:19	ReorderSam	  Reordering read contig 17 [index=8] to => ref contig 17 [index=7]

INFO	2014-06-24 09:41:19	ReorderSam	  Reordering read contig 18 [index=9] to => ref contig 18 [index=8]

INFO	2014-06-24 09:41:19	ReorderSam	  Reordering read contig 19 [index=10] to => ref contig 19 [index=9]

INFO	2014-06-24 09:41:19	ReorderSam	  Reordering read contig 1 [index=0] to => ref contig 1 [index=10]

INFO	2014-06-24 09:41:19	ReorderSam	  Reordering read contig 2 [index=11] to => ref contig 2 [index=11]

INFO	2014-06-24 09:41:19	ReorderSam	  Reordering read contig 3 [index=12] to => ref contig 3 [index=12]

INFO	2014-06-24 09:41:19	ReorderSam	  Reordering read contig 4 [index=13] to => ref contig 4 [index=13]

INFO	2014-06-24 09:41:19	ReorderSam	  Reordering read contig 5 [index=14] to => ref contig 5 [index=14]

INFO	2014-06-24 09:41:19	ReorderSam	  Reordering read contig 6 [index=15] to => ref contig 6 [index=15]

INFO	2014-06-24 09:41:19	ReorderSam	  Reordering read contig 7 [index=16] to => ref contig 7 [index=16]

INFO	2014-06-24 09:41:19	ReorderSam	  Reordering read contig 8 [index=17] to => ref contig 8 [index=17]

INFO	2014-06-24 09:41:19	ReorderSam	  Reordering read contig 9 [index=18] to => ref contig 9 [index=18]

INFO	2014-06-24 09:41:19	ReorderSam	  Reordering read contig MT [index=19] to => ref contig MT [index=19]

INFO	2014-06-24 09:41:19	ReorderSam	  Reordering read contig X [index=20] to => ref contig X [index=20]

INFO	2014-06-24 09:41:19	ReorderSam	  Reordering read contig Y [index=21] to => ref contig Y [index=21]

INFO	2014-06-24 09:41:19	ReorderSam	Writing reads...
INFO	2014-06-24 09:41:19	ReorderSam	  Processing All reads
INFO	2014-06-24 09:57:43	ReorderSam	Wrote 223401493 reads
[Tue Jun 24 10:25:27 EDT 2014] picard.sam.ReorderSam done. Elapsed time: 44.14 minutes.
Runtime.totalMemory()=2813329408
